 ntime=           1  total energy=   0.00000000    
 ntime=         101  total energy=   0.00000000    
 ntime=         201  total energy=   5.01871109E-05
 ntime=         301  total energy=   1.24454498E-04
 ntime=         401  total energy=   1.51991844E-04
 ntime=         501  total energy=   1.64985657E-04
 ntime=         601  total energy=   1.83463097E-04
 ntime=         701  total energy=   1.77741051E-04
 ntime=         801  total energy=   1.85847282E-04
 ntime=         901  total energy=   1.89542770E-04
 ntime=        1001  total energy=   1.96933746E-04
 ntime=        1101  total energy=   2.01702118E-04
 ntime=        1201  total energy=   2.03609467E-04
 ntime=        1301  total energy=   2.08258629E-04
 ntime=        1401  total energy=   2.11954117E-04
 ntime=        1501  total energy=   2.17556953E-04
 ntime=        1601  total energy=   2.19821930E-04
 ntime=        1701  total energy=   2.24709511E-04
 ntime=        1801  total energy=   2.26974487E-04
 ntime=        1901  total energy=   2.30669975E-04
 ntime=        2001  total energy=   2.35080719E-04
 ntime=        2101  total energy=   2.38060951E-04
 ntime=        2201  total energy=   2.40206718E-04
 ntime=        2301  total energy=   2.41994858E-04
 ntime=        2401  total energy=   2.46763229E-04
 ntime=        2501  total energy=   2.49624252E-04
 ntime=        2601  total energy=   2.52962112E-04
 ntime=        2701  total energy=   2.57134438E-04
 ntime=        2801  total energy=   2.61902809E-04
 ntime=        2901  total energy=   2.64883041E-04
 ntime=        3001  total energy=   2.66432762E-04
 ntime=        3101  total energy=   2.69055367E-04
 ntime=        3201  total energy=   2.72035599E-04
 ntime=        3301  total energy=   2.74538994E-04
 ntime=        3401  total energy=   2.76923180E-04
 ntime=        3501  total energy=   2.78353691E-04
 ntime=        3601  total energy=   2.79903412E-04
 ntime=        3701  total energy=   2.81453133E-04
 ntime=        3801  total energy=   2.82883644E-04
 ntime=        3901  total energy=   2.84671783E-04
 ntime=        4001  total energy=   2.87294388E-04
 ntime=        4101  total energy=   2.89678574E-04
 ntime=        4201  total energy=   2.90989876E-04
 ntime=        4301  total energy=   2.91943550E-04
 ntime=        4401  total energy=   2.94327736E-04
 ntime=        4501  total energy=   2.96592712E-04
 ntime=        4601  total energy=   2.97904015E-04
 ntime=        4701  total energy=   2.99572945E-04
 ntime=        4801  total energy=   3.01361084E-04
 ntime=        4901  total energy=   3.03506851E-04
 Program CPU TIME=   182.145309    
